<?xml version="1.0" encoding="UTF-8"?>
<!-- Generated by org.testng.reporters.JUnitXMLReporter -->
<testsuite hostname="yogindra-VAIO" name="Login test" tests="1" failures="1" timestamp="16 Jun 2016 20:49:01 GMT" time="1.853" errors="0">
  <testcase name="doLogin" time="0.025" classname="dd_testcases.Test_1">
    <failure type="java.lang.NullPointerException">
      <![CDATA[java.lang.NullPointerException
	at dd_testcases.Test_1.doLogin(Test_1.java:33)
... Removed 24 stack frames]]>
    </failure>
  </testcase> <!-- doLogin -->
</testsuite> <!-- Login test -->
